e:\vs2015\新建项目\mud\mud\mud\mud\debug\vc140.pdb
e:\vs2015\新建项目\mud\mud\mud\mud\debug\vc140.idb
e:\vs2015\新建项目\mud\mud\mud\mud\debug\bag.obj
e:\vs2015\新建项目\mud\mud\mud\mud\debug\enemy.obj
e:\vs2015\新建项目\mud\mud\mud\mud\debug\fight.obj
e:\vs2015\新建项目\mud\mud\mud\mud\debug\goods.obj
e:\vs2015\新建项目\mud\mud\mud\mud\debug\main.obj
e:\vs2015\新建项目\mud\mud\mud\mud\debug\map.obj
e:\vs2015\新建项目\mud\mud\mud\mud\debug\role.obj
e:\vs2015\新建项目\mud\mud\mud\mud\debug\skill.obj
e:\vs2015\新建项目\mud\mud\mud\mud\debug\store.obj
e:\vs2015\新建项目\mud\mud\mud\mud\debug\npc.obj
e:\vs2015\新建项目\mud\mud\mud\mud\debug\save.obj
e:\vs2015\新建项目\mud\mud\mud\debug\mud.ilk
e:\vs2015\新建项目\mud\mud\mud\debug\mud.exe
e:\vs2015\新建项目\mud\mud\mud\debug\mud.pdb
e:\vs2015\新建项目\mud\mud\mud\mud\debug\role.obj.enc
e:\vs2015\新建项目\mud\mud\mud\mud\debug\mud.tlog\cl.command.1.tlog
e:\vs2015\新建项目\mud\mud\mud\mud\debug\mud.tlog\cl.read.1.tlog
e:\vs2015\新建项目\mud\mud\mud\mud\debug\mud.tlog\cl.write.1.tlog
e:\vs2015\新建项目\mud\mud\mud\mud\debug\mud.tlog\link.command.1.tlog
e:\vs2015\新建项目\mud\mud\mud\mud\debug\mud.tlog\link.read.1.tlog
e:\vs2015\新建项目\mud\mud\mud\mud\debug\mud.tlog\link.write.1.tlog
